c:\users\forge-15 i5\source\repos\cgp_practical3\practical1\debug\vc141.pdb
c:\users\forge-15 i5\source\repos\cgp_practical3\practical1\debug\vc141.idb
c:\users\forge-15 i5\source\repos\cgp_practical3\practical1\debug\scene2.obj
c:\users\forge-15 i5\source\repos\cgp_practical3\practical1\debug\scene1.obj
c:\users\forge-15 i5\source\repos\cgp_practical3\practical1\debug\playercontroller.obj
c:\users\forge-15 i5\source\repos\cgp_practical3\practical1\debug\main.obj
c:\users\forge-15 i5\source\repos\cgp_practical3\practical1\debug\juenwindow.obj
c:\users\forge-15 i5\source\repos\cgp_practical3\practical1\debug\juentimer.obj
c:\users\forge-15 i5\source\repos\cgp_practical3\practical1\debug\jueninput.obj
c:\users\forge-15 i5\source\repos\cgp_practical3\practical1\debug\juengraphics.obj
c:\users\forge-15 i5\source\repos\cgp_practical3\practical1\debug\gamestatemanager.obj
c:\users\forge-15 i5\source\repos\cgp_practical3\practical1\debug\maptile.obj
c:\users\forge-15 i5\source\repos\cgp_practical3\practical1\debug\mainmenu.obj
c:\users\forge-15 i5\source\repos\cgp_practical3\practical1\debug\enemy.obj
c:\users\forge-15 i5\source\repos\cgp_practical3\practical1\debug\collisionmanager.obj
c:\users\forge-15 i5\source\repos\cgp_practical3\practical1\debug\button.obj
c:\users\forge-15 i5\source\repos\cgp_practical3\practical1\debug\bulletpoolmanager.obj
c:\users\forge-15 i5\source\repos\cgp_practical3\practical1\debug\bullet.obj
c:\users\forge-15 i5\source\repos\cgp_practical3\debug\cgp_practical3.exe
c:\users\forge-15 i5\source\repos\cgp_practical3\debug\cgp_practical3.ilk
c:\users\forge-15 i5\source\repos\cgp_practical3\debug\cgp_practical3.pdb
c:\users\forge-15 i5\source\repos\cgp_practical3\practical1\debug\practical1.res
c:\users\forge-15 i5\source\repos\cgp_practical3\practical1\debug\cgp_practical3.tlog\cl.command.1.tlog
c:\users\forge-15 i5\source\repos\cgp_practical3\practical1\debug\cgp_practical3.tlog\cl.read.1.tlog
c:\users\forge-15 i5\source\repos\cgp_practical3\practical1\debug\cgp_practical3.tlog\cl.write.1.tlog
c:\users\forge-15 i5\source\repos\cgp_practical3\practical1\debug\cgp_practical3.tlog\link.command.1.tlog
c:\users\forge-15 i5\source\repos\cgp_practical3\practical1\debug\cgp_practical3.tlog\link.read.1.tlog
c:\users\forge-15 i5\source\repos\cgp_practical3\practical1\debug\cgp_practical3.tlog\link.write.1.tlog
c:\users\forge-15 i5\source\repos\cgp_practical3\practical1\debug\cgp_practical3.tlog\rc.command.1.tlog
c:\users\forge-15 i5\source\repos\cgp_practical3\practical1\debug\cgp_practical3.tlog\rc.read.1.tlog
c:\users\forge-15 i5\source\repos\cgp_practical3\practical1\debug\cgp_practical3.tlog\rc.write.1.tlog
